Release 10.1 - xst K.31 (nt)
Copyright (c) 1995-2008 Xilinx, Inc.  All rights reserved.
--> Parameter TMPDIR set to C:/proyec_final/xst/projnav.tmp


Total REAL time to Xst completion: 0.00 secs
Total CPU time to Xst completion: 0.31 secs
 
--> Parameter xsthdpdir set to C:/proyec_final/xst


Total REAL time to Xst completion: 0.00 secs
Total CPU time to Xst completion: 0.31 secs
 
--> Reading design: cont_display_top.prj

TABLE OF CONTENTS
  1) Synthesis Options Summary
  2) HDL Compilation
  3) Design Hierarchy Analysis
  4) HDL Analysis
  5) HDL Synthesis
     5.1) HDL Synthesis Report
  6) Advanced HDL Synthesis
     6.1) Advanced HDL Synthesis Report
  7) Low Level Synthesis
  8) Partition Report
  9) Final Report
     9.1) Device utilization summary
     9.2) Partition Resource Summary
     9.3) TIMING REPORT


=========================================================================
*                      Synthesis Options Summary                        *
=========================================================================
---- Source Parameters
Input File Name                    : "cont_display_top.prj"
Input Format                       : mixed
Ignore Synthesis Constraint File   : NO

---- Target Parameters
Output File Name                   : "cont_display_top"
Output Format                      : NGC
Target Device                      : xc3s400-5-pq208

---- Source Options
Top Module Name                    : cont_display_top
Automatic FSM Extraction           : YES
FSM Encoding Algorithm             : Auto
Safe Implementation                : No
FSM Style                          : lut
RAM Extraction                     : Yes
RAM Style                          : Auto
ROM Extraction                     : Yes
Mux Style                          : Auto
Decoder Extraction                 : YES
Priority Encoder Extraction        : YES
Shift Register Extraction          : YES
Logical Shifter Extraction         : YES
XOR Collapsing                     : YES
ROM Style                          : Auto
Mux Extraction                     : YES
Resource Sharing                   : YES
Asynchronous To Synchronous        : NO
Multiplier Style                   : auto
Automatic Register Balancing       : No

---- Target Options
Add IO Buffers                     : YES
Global Maximum Fanout              : 500
Add Generic Clock Buffer(BUFG)     : 8
Register Duplication               : YES
Slice Packing                      : YES
Optimize Instantiated Primitives   : NO
Use Clock Enable                   : Yes
Use Synchronous Set                : Yes
Use Synchronous Reset              : Yes
Pack IO Registers into IOBs        : auto
Equivalent register Removal        : YES

---- General Options
Optimization Goal                  : Speed
Optimization Effort                : 1
Library Search Order               : cont_display_top.lso
Keep Hierarchy                     : NO
Netlist Hierarchy                  : as_optimized
RTL Output                         : Yes
Global Optimization                : AllClockNets
Read Cores                         : YES
Write Timing Constraints           : NO
Cross Clock Analysis               : NO
Hierarchy Separator                : /
Bus Delimiter                      : <>
Case Specifier                     : maintain
Slice Utilization Ratio            : 100
BRAM Utilization Ratio             : 100
Verilog 2001                       : YES
Auto BRAM Packing                  : NO
Slice Utilization Ratio Delta      : 5

=========================================================================


=========================================================================
*                          HDL Compilation                              *
=========================================================================
Compiling vhdl file "C:/proyec_final/div_frec.vhd" in Library proy_animacion_lib.
Architecture behavioral of Entity divisor is up to date.
Compiling vhdl file "C:/proyec_final/cont_paquete.vhd" in Library proy_animacion_lib.
Architecture behavioral of Entity contador is up to date.
Compiling vhdl file "C:/proyec_final/animaciones.vhd" in Library proy_animacion_lib.
Architecture behavioral of Entity animacion is up to date.
Compiling vhdl file "C:/proyec_final/apro_animacion_top.vhd" in Library work.
Architecture structural of Entity cont_display_top is up to date.

=========================================================================
*                     Design Hierarchy Analysis                         *
=========================================================================
Analyzing hierarchy for entity <cont_display_top> in library <work> (architecture <structural>).

Analyzing hierarchy for entity <divisor> in library <proy_animacion_lib> (architecture <behavioral>) with generics.
	limit = 499999

Analyzing hierarchy for entity <CONTADOR> in library <proy_animacion_lib> (architecture <behavioral>).

Analyzing hierarchy for entity <animacion> in library <proy_animacion_lib> (architecture <behavioral>).


=========================================================================
*                            HDL Analysis                               *
=========================================================================
Analyzing Entity <cont_display_top> in library <work> (Architecture <structural>).
Entity <cont_display_top> analyzed. Unit <cont_display_top> generated.

Analyzing generic Entity <divisor> in library <proy_animacion_lib> (Architecture <behavioral>).
	limit = 499999
Entity <divisor> analyzed. Unit <divisor> generated.

Analyzing Entity <CONTADOR> in library <proy_animacion_lib> (Architecture <behavioral>).
Entity <CONTADOR> analyzed. Unit <CONTADOR> generated.

Analyzing Entity <animacion> in library <proy_animacion_lib> (Architecture <behavioral>).
Entity <animacion> analyzed. Unit <animacion> generated.


=========================================================================
*                           HDL Synthesis                               *
=========================================================================

Performing bidirectional port resolution...

Synthesizing Unit <divisor>.
    Related source file is "C:/proyec_final/div_frec.vhd".
    Found 1-bit register for signal <CLK2>.
    Found 19-bit up counter for signal <CO>.
    Found 19-bit adder for signal <CO$addsub0000> created at line 48.
    Found 1-bit register for signal <RELOJ_1m>.
    Summary:
	inferred   1 Counter(s).
	inferred   2 D-type flip-flop(s).
	inferred   1 Adder/Subtractor(s).
Unit <divisor> synthesized.


Synthesizing Unit <CONTADOR>.
    Related source file is "C:/proyec_final/cont_paquete.vhd".
    Register <Q> equivalent to <CON> has been removed
    Found 8-bit register for signal <CON>.
    Found 8-bit adder for signal <CON$add0000> created at line 60.
    Found 8-bit subtractor for signal <CON$addsub0000> created at line 63.
    Summary:
	inferred   8 D-type flip-flop(s).
	inferred   2 Adder/Subtractor(s).
Unit <CONTADOR> synthesized.


Synthesizing Unit <animacion>.
    Related source file is "C:/proyec_final/animaciones.vhd".
WARNING:Xst:647 - Input <contani> is never used. This port will be preserved and left unconnected if it belongs to a top-level block or it belongs to a sub-block and the hierarchy of this sub-block is preserved.
WARNING:Xst:1780 - Signal <led2<7>> is never used or assigned. This unconnected signal will be trimmed during the optimization process.
WARNING:Xst:653 - Signal <led2<6:0>> is used but never assigned. This sourceless signal will be automatically connected to value 0000001.
Unit <animacion> synthesized.


Synthesizing Unit <cont_display_top>.
    Related source file is "C:/proyec_final/apro_animacion_top.vhd".
WARNING:Xst:647 - Input <enable> is never used. This port will be preserved and left unconnected if it belongs to a top-level block or it belongs to a sub-block and the hierarchy of this sub-block is preserved.
WARNING:Xst:1780 - Signal <en2> is never used or assigned. This unconnected signal will be trimmed during the optimization process.
WARNING:Xst:646 - Signal <conta<7:4>> is assigned but never used. This unconnected signal will be trimmed during the optimization process.
Unit <cont_display_top> synthesized.


=========================================================================
HDL Synthesis Report

Macro Statistics
# Adders/Subtractors                                   : 3
 19-bit adder                                          : 1
 8-bit adder                                           : 1
 8-bit subtractor                                      : 1
# Counters                                             : 1
 19-bit up counter                                     : 1
# Registers                                            : 3
 1-bit register                                        : 2
 8-bit register                                        : 1

=========================================================================

=========================================================================
*                       Advanced HDL Synthesis                          *
=========================================================================

Loading device for application Rf_Device from file '3s400.nph' in environment C:\Xilinx\10.1\ISE.

=========================================================================
Advanced HDL Synthesis Report

Macro Statistics
# Adders/Subtractors                                   : 3
 19-bit adder                                          : 1
 8-bit adder                                           : 1
 8-bit subtractor                                      : 1
# Counters                                             : 1
 19-bit up counter                                     : 1
# Registers                                            : 10
 Flip-Flops                                            : 10

=========================================================================

=========================================================================
*                         Low Level Synthesis                           *
=========================================================================
WARNING:Xst:524 - All outputs of the instance <U1> of the block <CONTADOR> are unconnected in block <cont_display_top>.
   This instance will be removed from the design along with all underlying logic
WARNING:Xst:2677 - Node <UO/CLK2> of sequential type is unconnected in block <cont_display_top>.
WARNING:Xst:2677 - Node <UO/RELOJ_1m> of sequential type is unconnected in block <cont_display_top>.

Optimizing unit <cont_display_top> ...

Optimizing unit <CONTADOR> ...

Mapping all equations...
Building and optimizing final netlist ...
Found area constraint ratio of 100 (+ 5) on block cont_display_top, actual ratio is 0.

Final Macro Processing ...

=========================================================================
Final Register Report

Found no macro
=========================================================================

=========================================================================
*                           Partition Report                             *
=========================================================================

Partition Implementation Status
-------------------------------

  No Partitions were found in this design.

-------------------------------

=========================================================================
*                            Final Report                               *
=========================================================================
Final Results
RTL Top Level Output File Name     : cont_display_top.ngr
Top Level Output File Name         : cont_display_top
Output Format                      : NGC
Optimization Goal                  : Speed
Keep Hierarchy                     : NO

Design Statistics
# IOs                              : 12

Cell Usage :
# BELS                             : 2
#      GND                         : 1
#      VCC                         : 1
# IO Buffers                       : 8
#      OBUF                        : 8
=========================================================================

Device utilization summary:
---------------------------

Selected Device : 3s400pq208-5 

 Number of Slices:                        0  out of   3584     0%  
 Number of IOs:                          12
 Number of bonded IOBs:                   8  out of    141     5%  

---------------------------
Partition Resource Summary:
---------------------------

  No Partitions were found in this design.

---------------------------


=========================================================================
TIMING REPORT

NOTE: THESE TIMING NUMBERS ARE ONLY A SYNTHESIS ESTIMATE.
      FOR ACCURATE TIMING INFORMATION PLEASE REFER TO THE TRACE REPORT
      GENERATED AFTER PLACE-and-ROUTE.

Clock Information:
------------------
No clock signals found in this design

Asynchronous Control Signals Information:
----------------------------------------
No asynchronous control signals found in this design

Timing Summary:
---------------
Speed Grade: -5

   Minimum period: No path found
   Minimum input arrival time before clock: No path found
   Maximum output required time after clock: No path found
   Maximum combinational path delay: No path found

Timing Detail:
--------------
All values displayed in nanoseconds (ns)

=========================================================================


Total REAL time to Xst completion: 10.00 secs
Total CPU time to Xst completion: 10.16 secs
 
--> 

Total memory usage is 147256 kilobytes

Number of errors   :    0 (   0 filtered)
Number of warnings :    9 (   0 filtered)
Number of infos    :    0 (   0 filtered)

