2737      4           230 Kbyte/sec  ==>  1.798687 Mbit/sec
2737      5           231 Kbyte/sec  ==>  1.810000 Mbit/sec
2737      6           231 Kbyte/sec  ==>  1.810000 Mbit/sec
2737      7           231 Kbyte/sec  ==>  1.810000 Mbit/sec
2737      8           231 Kbyte/sec  ==>  1.810000 Mbit/sec
2737      9           231 Kbyte/sec  ==>  1.810000 Mbit/sec
2737      10           231 Kbyte/sec  ==>  1.812312 Mbit/sec
2737      11           231 Kbyte/sec  ==>  1.812000 Mbit/sec
2737      12           231 Kbyte/sec  ==>  1.807500 Mbit/sec
2737      13           231 Kbyte/sec  ==>  1.809500 Mbit/sec
2737      14           231 Kbyte/sec  ==>  1.807500 Mbit/sec
2737      15           231 Kbyte/sec  ==>  1.807500 Mbit/sec
2737      16           231 Kbyte/sec  ==>  1.809500 Mbit/sec
2737      17           231 Kbyte/sec  ==>  1.807500 Mbit/sec
2737      18           231 Kbyte/sec  ==>  1.812000 Mbit/sec
2737      19           231 Kbyte/sec  ==>  1.807500 Mbit/sec
2737      20           231 Kbyte/sec  ==>  1.809500 Mbit/sec
2737      21           231 Kbyte/sec  ==>  1.807500 Mbit/sec
2737      22           231 Kbyte/sec  ==>  1.809500 Mbit/sec
2737      23           231 Kbyte/sec  ==>  1.807500 Mbit/sec
2737      24           231 Kbyte/sec  ==>  1.807500 Mbit/sec
2737      25           231 Kbyte/sec  ==>  1.812000 Mbit/sec
2737      26           231 Kbyte/sec  ==>  1.805000 Mbit/sec
2737      27           231 Kbyte/sec  ==>  1.812000 Mbit/sec
2737      28           231 Kbyte/sec  ==>  1.807500 Mbit/sec
2737      29           231 Kbyte/sec  ==>  1.809500 Mbit/sec
2737      30           231 Kbyte/sec  ==>  1.807500 Mbit/sec
2737      31           231 Kbyte/sec  ==>  1.807500 Mbit/sec
2737      32           231 Kbyte/sec  ==>  1.812000 Mbit/sec
2737      33           231 Kbyte/sec  ==>  1.805000 Mbit/sec
2737      34           231 Kbyte/sec  ==>  1.812000 Mbit/sec
2737      35           231 Kbyte/sec  ==>  1.807500 Mbit/sec
2737      36           231 Kbyte/sec  ==>  1.809500 Mbit/sec
2737      37           231 Kbyte/sec  ==>  1.807500 Mbit/sec
2737      38           231 Kbyte/sec  ==>  1.807500 Mbit/sec
2737      39           231 Kbyte/sec  ==>  1.809500 Mbit/sec
2737      40           231 Kbyte/sec  ==>  1.807500 Mbit/sec
2737      41           231 Kbyte/sec  ==>  1.812000 Mbit/sec
2737      42           231 Kbyte/sec  ==>  1.807500 Mbit/sec
2737      43           231 Kbyte/sec  ==>  1.809500 Mbit/sec
2737      44           231 Kbyte/sec  ==>  1.807500 Mbit/sec
2737      45           231 Kbyte/sec  ==>  1.809500 Mbit/sec
2737      46           231 Kbyte/sec  ==>  1.807500 Mbit/sec
2737      47           231 Kbyte/sec  ==>  1.807500 Mbit/sec
2737      48           231 Kbyte/sec  ==>  1.812000 Mbit/sec
2737      49           231 Kbyte/sec  ==>  1.805000 Mbit/sec
2737      50           231 Kbyte/sec  ==>  1.812000 Mbit/sec
2737      51           231 Kbyte/sec  ==>  1.807500 Mbit/sec
2737      52           231 Kbyte/sec  ==>  1.809500 Mbit/sec
2737      53           231 Kbyte/sec  ==>  1.807500 Mbit/sec
2737      54           231 Kbyte/sec  ==>  1.807500 Mbit/sec
2737      55           231 Kbyte/sec  ==>  1.812000 Mbit/sec
2737      56           231 Kbyte/sec  ==>  1.805000 Mbit/sec
2737      57           231 Kbyte/sec  ==>  1.812000 Mbit/sec
2737      58           231 Kbyte/sec  ==>  1.807500 Mbit/sec
2737      59           231 Kbyte/sec  ==>  1.809500 Mbit/sec
2737      60           231 Kbyte/sec  ==>  1.807500 Mbit/sec
2737      61           231 Kbyte/sec  ==>  1.807500 Mbit/sec
2737      62           231 Kbyte/sec  ==>  1.809500 Mbit/sec
2737      63           231 Kbyte/sec  ==>  1.807500 Mbit/sec
2737      64           231 Kbyte/sec  ==>  1.812000 Mbit/sec
2737      65           231 Kbyte/sec  ==>  1.807500 Mbit/sec
2737      66           231 Kbyte/sec  ==>  1.809500 Mbit/sec
2737      67           231 Kbyte/sec  ==>  1.807500 Mbit/sec
2737      68           231 Kbyte/sec  ==>  1.809500 Mbit/sec
2737      69           231 Kbyte/sec  ==>  1.807500 Mbit/sec
2737      70           231 Kbyte/sec  ==>  1.807500 Mbit/sec
2737      71           231 Kbyte/sec  ==>  1.812000 Mbit/sec
2737      72           231 Kbyte/sec  ==>  1.805000 Mbit/sec
2737      73           231 Kbyte/sec  ==>  1.812000 Mbit/sec
2737      74           231 Kbyte/sec  ==>  1.807500 Mbit/sec
2737      75           231 Kbyte/sec  ==>  1.809500 Mbit/sec
2737      76           231 Kbyte/sec  ==>  1.807500 Mbit/sec
2737      77           231 Kbyte/sec  ==>  1.807500 Mbit/sec
2737      78           231 Kbyte/sec  ==>  1.812000 Mbit/sec
2737      79           231 Kbyte/sec  ==>  1.805000 Mbit/sec
2737      80           231 Kbyte/sec  ==>  1.812000 Mbit/sec
2737      81           231 Kbyte/sec  ==>  1.807500 Mbit/sec
2737      82           231 Kbyte/sec  ==>  1.809500 Mbit/sec
2737      83           231 Kbyte/sec  ==>  1.807500 Mbit/sec
2737      84           231 Kbyte/sec  ==>  1.807500 Mbit/sec
2737      85           231 Kbyte/sec  ==>  1.809500 Mbit/sec
2737      86           231 Kbyte/sec  ==>  1.807500 Mbit/sec
2737      87           231 Kbyte/sec  ==>  1.812000 Mbit/sec
2737      88           231 Kbyte/sec  ==>  1.807500 Mbit/sec
2737      89           231 Kbyte/sec  ==>  1.809500 Mbit/sec
2737      90           231 Kbyte/sec  ==>  1.807500 Mbit/sec
2737      91           231 Kbyte/sec  ==>  1.809500 Mbit/sec
2737      92           231 Kbyte/sec  ==>  1.807500 Mbit/sec
2737      93           231 Kbyte/sec  ==>  1.807500 Mbit/sec
2737      94           231 Kbyte/sec  ==>  1.812000 Mbit/sec
2737      95           231 Kbyte/sec  ==>  1.805000 Mbit/sec
2737      96           231 Kbyte/sec  ==>  1.812000 Mbit/sec
2737      97           231 Kbyte/sec  ==>  1.807500 Mbit/sec
2737      98           231 Kbyte/sec  ==>  1.809500 Mbit/sec
2737      99           231 Kbyte/sec  ==>  1.807500 Mbit/sec
2737      100           231 Kbyte/sec  ==>  1.807500 Mbit/sec
2737      101           231 Kbyte/sec  ==>  1.812000 Mbit/sec
2737      102           231 Kbyte/sec  ==>  1.805000 Mbit/sec
2737      103           231 Kbyte/sec  ==>  1.812000 Mbit/sec
2737      104           231 Kbyte/sec  ==>  1.807500 Mbit/sec
2737      105           231 Kbyte/sec  ==>  1.809500 Mbit/sec
2737      106           231 Kbyte/sec  ==>  1.807500 Mbit/sec
2737      107           231 Kbyte/sec  ==>  1.807500 Mbit/sec
2737      108           231 Kbyte/sec  ==>  1.809500 Mbit/sec
2737      109           231 Kbyte/sec  ==>  1.807500 Mbit/sec
2737      110           231 Kbyte/sec  ==>  1.812000 Mbit/sec
2737      111           231 Kbyte/sec  ==>  1.807500 Mbit/sec
2737      112           231 Kbyte/sec  ==>  1.809500 Mbit/sec
2737      113           231 Kbyte/sec  ==>  1.807500 Mbit/sec
2737      114           231 Kbyte/sec  ==>  1.809500 Mbit/sec
2737      115           231 Kbyte/sec  ==>  1.807500 Mbit/sec
2737      116           231 Kbyte/sec  ==>  1.807500 Mbit/sec
2737      117           231 Kbyte/sec  ==>  1.812000 Mbit/sec
2737      118           231 Kbyte/sec  ==>  1.805000 Mbit/sec
2737      119           231 Kbyte/sec  ==>  1.812000 Mbit/sec
2737      120           231 Kbyte/sec  ==>  1.807500 Mbit/sec
2737      121           231 Kbyte/sec  ==>  1.809500 Mbit/sec
2737      122           231 Kbyte/sec  ==>  1.807500 Mbit/sec
2737      123           231 Kbyte/sec  ==>  1.807500 Mbit/sec
2737      124           231 Kbyte/sec  ==>  1.812000 Mbit/sec
2737      125           231 Kbyte/sec  ==>  1.805000 Mbit/sec
2737      126           231 Kbyte/sec  ==>  1.812000 Mbit/sec
2737      127           231 Kbyte/sec  ==>  1.807500 Mbit/sec
2737      128           231 Kbyte/sec  ==>  1.809500 Mbit/sec
2737      129           231 Kbyte/sec  ==>  1.807500 Mbit/sec
2737      130           231 Kbyte/sec  ==>  1.807500 Mbit/sec
2737      131           231 Kbyte/sec  ==>  1.809500 Mbit/sec
2737      132           231 Kbyte/sec  ==>  1.807500 Mbit/sec
2737      133           231 Kbyte/sec  ==>  1.812000 Mbit/sec
2737      134           231 Kbyte/sec  ==>  1.807500 Mbit/sec
2737      135           231 Kbyte/sec  ==>  1.809500 Mbit/sec
2737      136           231 Kbyte/sec  ==>  1.807500 Mbit/sec
2737      137           231 Kbyte/sec  ==>  1.809500 Mbit/sec
2737      138           231 Kbyte/sec  ==>  1.807500 Mbit/sec
2737      139           231 Kbyte/sec  ==>  1.807500 Mbit/sec
2737      140           231 Kbyte/sec  ==>  1.812000 Mbit/sec
2737      141           231 Kbyte/sec  ==>  1.805000 Mbit/sec
2737      142           231 Kbyte/sec  ==>  1.812000 Mbit/sec
2737      143           231 Kbyte/sec  ==>  1.807500 Mbit/sec
2737      144           231 Kbyte/sec  ==>  1.809500 Mbit/sec
2737      145           231 Kbyte/sec  ==>  1.807500 Mbit/sec
2737      146           231 Kbyte/sec  ==>  1.807500 Mbit/sec
2737      147           231 Kbyte/sec  ==>  1.812000 Mbit/sec
2737      148           231 Kbyte/sec  ==>  1.805000 Mbit/sec
2737      149           231 Kbyte/sec  ==>  1.812000 Mbit/sec
2737      150           231 Kbyte/sec  ==>  1.807500 Mbit/sec
2737      151           231 Kbyte/sec  ==>  1.809500 Mbit/sec
2737      152           231 Kbyte/sec  ==>  1.807500 Mbit/sec
2737      153           231 Kbyte/sec  ==>  1.807500 Mbit/sec
2737      154           231 Kbyte/sec  ==>  1.809500 Mbit/sec
2737      155           231 Kbyte/sec  ==>  1.807500 Mbit/sec
2737      156           231 Kbyte/sec  ==>  1.812000 Mbit/sec
2737      157           231 Kbyte/sec  ==>  1.807500 Mbit/sec
2737      158           231 Kbyte/sec  ==>  1.809500 Mbit/sec
2737      159           231 Kbyte/sec  ==>  1.807500 Mbit/sec
2737      160           231 Kbyte/sec  ==>  1.809500 Mbit/sec
2737      161           231 Kbyte/sec  ==>  1.807500 Mbit/sec
2737      162           231 Kbyte/sec  ==>  1.807500 Mbit/sec
2737      163           231 Kbyte/sec  ==>  1.812000 Mbit/sec
2737      164           231 Kbyte/sec  ==>  1.805000 Mbit/sec
2737      165           231 Kbyte/sec  ==>  1.812000 Mbit/sec
2737      166           231 Kbyte/sec  ==>  1.807500 Mbit/sec
2737      167           231 Kbyte/sec  ==>  1.809500 Mbit/sec
2737      168           231 Kbyte/sec  ==>  1.807500 Mbit/sec
2737      169           231 Kbyte/sec  ==>  1.807500 Mbit/sec
2737      170           231 Kbyte/sec  ==>  1.812000 Mbit/sec
2737      171           231 Kbyte/sec  ==>  1.805000 Mbit/sec
2737      172           231 Kbyte/sec  ==>  1.812000 Mbit/sec
2737      173           231 Kbyte/sec  ==>  1.807500 Mbit/sec
2737      174           231 Kbyte/sec  ==>  1.809500 Mbit/sec
2737      175           231 Kbyte/sec  ==>  1.807500 Mbit/sec
2737      176           231 Kbyte/sec  ==>  1.807500 Mbit/sec
2737      177           231 Kbyte/sec  ==>  1.809500 Mbit/sec
2737      178           231 Kbyte/sec  ==>  1.807500 Mbit/sec
2737      179           231 Kbyte/sec  ==>  1.812000 Mbit/sec
2737      180           231 Kbyte/sec  ==>  1.807500 Mbit/sec
2737      181           231 Kbyte/sec  ==>  1.809500 Mbit/sec
2737      182           231 Kbyte/sec  ==>  1.807500 Mbit/sec
2737      183           231 Kbyte/sec  ==>  1.809500 Mbit/sec
2737      184           231 Kbyte/sec  ==>  1.807500 Mbit/sec
2737      185           231 Kbyte/sec  ==>  1.807500 Mbit/sec
2737      186           231 Kbyte/sec  ==>  1.812000 Mbit/sec
2737      187           231 Kbyte/sec  ==>  1.805000 Mbit/sec
2737      188           231 Kbyte/sec  ==>  1.812000 Mbit/sec
2737      189           231 Kbyte/sec  ==>  1.807500 Mbit/sec
2737      190           231 Kbyte/sec  ==>  1.809500 Mbit/sec
2737      191           231 Kbyte/sec  ==>  1.807500 Mbit/sec
2737      192           231 Kbyte/sec  ==>  1.807500 Mbit/sec
2737      193           231 Kbyte/sec  ==>  1.812000 Mbit/sec
2737      194           231 Kbyte/sec  ==>  1.805000 Mbit/sec
2737      195           231 Kbyte/sec  ==>  1.812000 Mbit/sec
2737      196           231 Kbyte/sec  ==>  1.807500 Mbit/sec
2737      197           231 Kbyte/sec  ==>  1.809500 Mbit/sec
2737      198           231 Kbyte/sec  ==>  1.807500 Mbit/sec
2737      199           231 Kbyte/sec  ==>  1.807500 Mbit/sec
